<?xml version="1.0" encoding="UTF-8"?>
<testsuites>
  <testsuite name="scool Test Suite" tests="1" assertions="1" failures="0" errors="0" time="0.000700">
    <testsuite name="MisTestosTest" file="/home/cristian/Code/scool/assesments/tests/MisTestosTest.php" tests="1" assertions="1" failures="0" errors="0" time="0.000700">
      <testcase name="it_shows_submodules" class="MisTestosTest" file="/home/cristian/Code/scool/assesments/tests/MisTestosTest.php" line="16" assertions="1" time="0.000700"/>
    </testsuite>
  </testsuite>
</testsuites>
