<?xml version="1.0" encoding="UTF-8"?>
<testsuites>
  <testsuite name="scool Test Suite" tests="1" assertions="1" failures="0" errors="0" time="0.001063">
    <testsuite name="League\Skeleton\ExampleTest" file="/home/cristian/Code/scool/assesments/tests/ExampleTest.php" tests="1" assertions="1" failures="0" errors="0" time="0.001063">
      <testcase name="testTrueIsTrue" class="League\Skeleton\ExampleTest" file="/home/cristian/Code/scool/assesments/tests/ExampleTest.php" line="10" assertions="1" time="0.001063"/>
    </testsuite>
  </testsuite>
</testsuites>
